[0m23:46:39.449014 [debug] [MainThread]: Sending event: {'category': 'dbt', 'action': 'invocation', 'label': 'start', 'context': [<snowplow_tracker.self_describing_json.SelfDescribingJson object at 0x780d22fc84c0>, <snowplow_tracker.self_describing_json.SelfDescribingJson object at 0x780d23e69360>, <snowplow_tracker.self_describing_json.SelfDescribingJson object at 0x780d23e69300>]}


============================== 23:46:39.450925 | be10dade-22c4-47b7-815f-9cbf8b618292 ==============================
[0m23:46:39.450925 [info ] [MainThread]: Running with dbt=1.9.2
[0m23:46:39.451312 [debug] [MainThread]: running dbt with arguments {'printer_width': '80', 'indirect_selection': 'eager', 'log_cache_events': 'False', 'write_json': 'True', 'partial_parse': 'True', 'cache_selected_only': 'False', 'warn_error': 'None', 'version_check': 'True', 'profiles_dir': '/home/michal/.dbt', 'log_path': 'logs', 'debug': 'False', 'fail_fast': 'False', 'use_colors': 'True', 'use_experimental_parser': 'False', 'no_print': 'None', 'quiet': 'False', 'empty': 'None', 'log_format': 'default', 'invocation_command': 'dbt init', 'introspect': 'True', 'warn_error_options': 'WarnErrorOptions(include=[], exclude=[])', 'target_path': 'None', 'static_parser': 'True', 'send_anonymous_usage_stats': 'True'}
[0m23:46:41.785452 [debug] [MainThread]: Starter project path: /home/michal/dbt/dbt/lib/python3.10/site-packages/dbt/include/starter_project
[0m23:46:41.789356 [info ] [MainThread]: 
Your new dbt project "weather" was created!

For more information on how to configure the profiles.yml file,
please consult the dbt documentation here:

  https://docs.getdbt.com/docs/configure-your-profile

One more thing:

Need help? Don't hesitate to reach out to us via GitHub issues or on Slack:

  https://community.getdbt.com/

Happy modeling!

[0m23:46:41.790121 [info ] [MainThread]: Setting up your profile.
[0m23:47:41.868799 [info ] [MainThread]: Profile weather written to /home/michal/.dbt/profiles.yml using target's profile_template.yml and your supplied values. Run 'dbt debug' to validate the connection.
[0m23:47:41.869908 [debug] [MainThread]: Resource report: {"command_name": "init", "command_success": true, "command_wall_clock_time": 62.45683, "process_in_blocks": "169872", "process_kernel_time": 0.107851, "process_mem_max_rss": "186656", "process_out_blocks": "88", "process_user_time": 2.360641}
[0m23:47:41.870377 [debug] [MainThread]: Command `dbt init` succeeded at 23:47:41.870286 after 62.46 seconds
[0m23:47:41.870744 [debug] [MainThread]: Sending event: {'category': 'dbt', 'action': 'invocation', 'label': 'end', 'context': [<snowplow_tracker.self_describing_json.SelfDescribingJson object at 0x780d22fc84c0>, <snowplow_tracker.self_describing_json.SelfDescribingJson object at 0x780d23e69360>, <snowplow_tracker.self_describing_json.SelfDescribingJson object at 0x780d23e6a1a0>]}
[0m23:47:41.871137 [debug] [MainThread]: Flushing usage events
[0m23:47:42.641467 [debug] [MainThread]: An error was encountered while trying to flush usage events
